TN:
SF:src\router.ts
FN:24,(anonymous_0)
FN:42,(anonymous_1)
FNF:2
FNH:2
FNDA:3,(anonymous_0)
FNDA:5,(anonymous_1)
DA:1,1
DA:2,1
DA:3,1
DA:4,1
DA:6,1
DA:8,1
DA:10,1
DA:17,1
DA:25,3
DA:26,0
DA:28,3
DA:34,1
DA:43,5
DA:44,1
DA:46,4
DA:54,1
DA:61,1
DA:68,1
LF:18
LH:17
BRDA:25,0,0,0
BRDA:25,0,1,3
BRDA:43,1,0,1
BRDA:43,1,1,4
BRF:4
BRH:3
end_of_record
TN:
SF:src\server.ts
FN:7,ConectarDB
FN:26,(anonymous_2)
FNF:2
FNH:1
FNDA:1,ConectarDB
FNDA:0,(anonymous_2)
DA:1,1
DA:2,1
DA:3,1
DA:4,1
DA:8,1
DA:9,1
DA:10,1
DA:13,0
DA:14,0
DA:18,1
DA:20,1
DA:22,1
DA:24,1
DA:26,1
DA:27,0
DA:31,1
LF:16
LH:13
BRF:0
BRH:0
end_of_record
TN:
SF:src\config\db.ts
FNF:0
FNH:0
DA:1,1
DA:2,1
DA:3,1
DA:5,1
DA:10,1
LF:5
LH:5
BRF:0
BRH:0
end_of_record
TN:
SF:src\handlers\producto.ts
FN:6,(anonymous_1)
FN:14,(anonymous_2)
FN:28,(anonymous_3)
FN:35,(anonymous_4)
FN:56,(anonymous_5)
FN:73,(anonymous_6)
FNF:6
FNH:6
FNDA:2,(anonymous_1)
FNDA:2,(anonymous_2)
FNDA:1,(anonymous_3)
FNDA:2,(anonymous_4)
FNDA:1,(anonymous_5)
FNDA:2,(anonymous_6)
DA:2,1
DA:6,1
DA:8,2
DA:11,2
DA:14,1
DA:16,2
DA:17,2
DA:19,2
DA:20,1
DA:25,2
DA:28,1
DA:31,1
DA:32,1
DA:35,1
DA:38,2
DA:39,2
DA:41,2
DA:42,1
DA:48,2
DA:50,1
DA:52,1
DA:56,1
DA:58,1
DA:59,1
DA:61,1
DA:62,1
DA:67,1
DA:68,0
DA:70,0
DA:73,1
DA:74,2
DA:75,2
DA:77,2
DA:78,1
DA:83,2
DA:84,1
LF:36
LH:34
BRDA:19,0,0,1
BRDA:19,0,1,1
BRDA:41,1,0,1
BRDA:41,1,1,1
BRDA:61,2,0,1
BRDA:61,2,1,0
BRDA:77,3,0,1
BRDA:77,3,1,1
BRF:8
BRH:7
end_of_record
TN:
SF:src\middleware\index.ts
FN:4,(anonymous_0)
FNF:1
FNH:1
FNDA:15,(anonymous_0)
DA:2,1
DA:4,1
DA:7,15
DA:8,15
DA:9,7
DA:10,7
DA:13,8
LF:7
LH:7
BRDA:8,0,0,7
BRDA:8,0,1,8
BRF:2
BRH:2
end_of_record
TN:
SF:src\models\Product.model.ts
FNF:0
FNH:0
DA:1,1
DA:9,1
DA:13,1
DA:18,1
DA:24,1
DA:27,1
LF:6
LH:6
BRF:0
BRH:0
end_of_record
